2021-03-05 07:39:00,057 [Worker-2: Loading available Gradle versions] INFO  o.e.b.c.i.u.g.PublishedGradleVersions - Gradle version information cache is up-to-date. Trying to read.
2021-03-05 07:39:18,578 [Worker-0: Update Maven projects configuration] INFO  o.e.m.c.i.p.ProjectConfigurationManager - Update started
2021-03-05 07:39:21,270 [Worker-0: Update Maven projects configuration] INFO  o.e.m.c.i.l.LifecycleMappingFactory - Using org.eclipse.m2e.jdt.JarLifecycleMapping lifecycle mapping for MavenProject: com.tutorial:cloudinaryrest:0.0.1-SNAPSHOT @ C:\Users\alber\Desktop\SPRING\backend\cloudinaryrest-master\pom.xml.
2021-03-05 07:39:24,461 [Worker-0: Update Maven projects configuration] INFO  o.e.m.j.i.AbstractJavaProjectConfigurator - Adding source folder /cloudinaryrest-master/src/main/java
2021-03-05 07:39:24,463 [Worker-0: Update Maven projects configuration] INFO  o.e.m.j.i.AbstractJavaProjectConfigurator - Adding resource folder /cloudinaryrest-master/src/main/resources
2021-03-05 07:39:24,476 [Worker-0: Update Maven projects configuration] INFO  o.e.m.j.i.AbstractJavaProjectConfigurator - Adding resource folder /cloudinaryrest-master/src/main/resources
2021-03-05 07:39:24,491 [Worker-0: Update Maven projects configuration] INFO  o.e.m.j.i.AbstractJavaProjectConfigurator - Adding source folder /cloudinaryrest-master/src/test/java
2021-03-05 07:39:26,541 [Worker-5: Building] INFO  o.e.m.c.i.embedder.EclipseLogger - Using 'UTF-8' encoding to copy filtered resources.
2021-03-05 07:39:26,548 [Worker-5: Building] INFO  o.e.m.c.i.embedder.EclipseLogger - Copying 1 resource
2021-03-05 07:39:26,571 [Worker-5: Building] INFO  o.e.m.c.i.embedder.EclipseLogger - Copying 0 resource
2021-03-05 07:39:26,577 [Worker-5: Building] INFO  o.e.m.c.i.embedder.EclipseLogger - Using 'UTF-8' encoding to copy filtered resources.
2021-03-05 07:39:26,578 [Worker-5: Building] INFO  o.e.m.c.i.embedder.EclipseLogger - skip non existing resourceDirectory C:\Users\alber\Desktop\SPRING\backend\cloudinaryrest-master\src\test\resources
2021-03-05 07:39:28,882 [Worker-0: Update Maven projects configuration] INFO  o.e.m.c.i.p.ProjectConfigurationManager - Update completed: 10 sec
2021-03-05 07:39:29,318 [Worker-5: Building] INFO  o.e.m.c.i.embedder.EclipseLogger - Using 'UTF-8' encoding to copy filtered resources.
2021-03-05 07:39:29,324 [Worker-5: Building] INFO  o.e.m.c.i.embedder.EclipseLogger - Copying 1 resource
2021-03-05 07:39:29,328 [Worker-5: Building] INFO  o.e.m.c.i.embedder.EclipseLogger - Copying 0 resource
2021-03-05 07:39:29,334 [Worker-5: Building] INFO  o.e.m.c.i.embedder.EclipseLogger - Using 'UTF-8' encoding to copy filtered resources.
2021-03-05 07:39:29,334 [Worker-5: Building] INFO  o.e.m.c.i.embedder.EclipseLogger - skip non existing resourceDirectory C:\Users\alber\Desktop\SPRING\backend\cloudinaryrest-master\src\test\resources
2021-03-05 07:40:00,346 [Worker-4: Building] INFO  o.e.m.c.i.embedder.EclipseLogger - Using 'UTF-8' encoding to copy filtered resources.
2021-03-05 07:40:00,346 [Worker-4: Building] INFO  o.e.m.c.i.embedder.EclipseLogger - Copying 0 resource
2021-03-05 07:40:00,347 [Worker-4: Building] INFO  o.e.m.c.i.embedder.EclipseLogger - Copying 0 resource
2021-03-05 07:40:00,349 [Worker-4: Building] INFO  o.e.m.c.i.embedder.EclipseLogger - Using 'UTF-8' encoding to copy filtered resources.
2021-03-05 07:40:00,349 [Worker-4: Building] INFO  o.e.m.c.i.embedder.EclipseLogger - skip non existing resourceDirectory C:\Users\alber\Desktop\SPRING\backend\cloudinaryrest-master\src\test\resources
2021-03-05 07:40:15,947 [Worker-5: Building] INFO  o.e.m.c.i.embedder.EclipseLogger - Using 'UTF-8' encoding to copy filtered resources.
2021-03-05 07:40:15,949 [Worker-5: Building] INFO  o.e.m.c.i.embedder.EclipseLogger - Copying 0 resource
2021-03-05 07:40:15,949 [Worker-5: Building] INFO  o.e.m.c.i.embedder.EclipseLogger - Copying 0 resource
2021-03-05 07:40:15,953 [Worker-5: Building] INFO  o.e.m.c.i.embedder.EclipseLogger - Using 'UTF-8' encoding to copy filtered resources.
2021-03-05 07:40:15,953 [Worker-5: Building] INFO  o.e.m.c.i.embedder.EclipseLogger - skip non existing resourceDirectory C:\Users\alber\Desktop\SPRING\backend\cloudinaryrest-master\src\test\resources
2021-03-05 07:41:30,110 [Worker-2: Building] INFO  o.e.m.c.i.embedder.EclipseLogger - Using 'UTF-8' encoding to copy filtered resources.
2021-03-05 07:41:30,112 [Worker-2: Building] INFO  o.e.m.c.i.embedder.EclipseLogger - Copying 1 resource
2021-03-05 07:41:30,116 [Worker-2: Building] INFO  o.e.m.c.i.embedder.EclipseLogger - Copying 0 resource
2021-03-05 07:41:30,121 [Worker-2: Building] INFO  o.e.m.c.i.embedder.EclipseLogger - Using 'UTF-8' encoding to copy filtered resources.
2021-03-05 07:41:30,122 [Worker-2: Building] INFO  o.e.m.c.i.embedder.EclipseLogger - skip non existing resourceDirectory C:\Users\alber\Desktop\SPRING\backend\cloudinaryrest-master\src\test\resources
2021-03-05 07:42:14,589 [Worker-1: Building] INFO  o.e.m.c.i.embedder.EclipseLogger - Using 'UTF-8' encoding to copy filtered resources.
2021-03-05 07:42:14,591 [Worker-1: Building] INFO  o.e.m.c.i.embedder.EclipseLogger - Copying 1 resource
2021-03-05 07:42:14,593 [Worker-1: Building] INFO  o.e.m.c.i.embedder.EclipseLogger - Copying 0 resource
2021-03-05 07:42:14,596 [Worker-1: Building] INFO  o.e.m.c.i.embedder.EclipseLogger - Using 'UTF-8' encoding to copy filtered resources.
2021-03-05 07:42:14,597 [Worker-1: Building] INFO  o.e.m.c.i.embedder.EclipseLogger - skip non existing resourceDirectory C:\Users\alber\Desktop\SPRING\backend\cloudinaryrest-master\src\test\resources
2021-03-05 07:42:27,842 [Worker-6: Launching cloudinaryrest-master - CloudinaryrestApplication] INFO  o.e.m.c.i.embedder.EclipseLogger - Using 'UTF-8' encoding to copy filtered resources.
2021-03-05 07:42:27,844 [Worker-6: Launching cloudinaryrest-master - CloudinaryrestApplication] INFO  o.e.m.c.i.embedder.EclipseLogger - Copying 1 resource
2021-03-05 07:42:27,846 [Worker-6: Launching cloudinaryrest-master - CloudinaryrestApplication] INFO  o.e.m.c.i.embedder.EclipseLogger - Copying 0 resource
2021-03-05 07:42:27,849 [Worker-6: Launching cloudinaryrest-master - CloudinaryrestApplication] INFO  o.e.m.c.i.embedder.EclipseLogger - Using 'UTF-8' encoding to copy filtered resources.
2021-03-05 07:42:27,850 [Worker-6: Launching cloudinaryrest-master - CloudinaryrestApplication] INFO  o.e.m.c.i.embedder.EclipseLogger - skip non existing resourceDirectory C:\Users\alber\Desktop\SPRING\backend\cloudinaryrest-master\src\test\resources
2021-03-05 07:44:25,341 [Worker-8: Building] INFO  o.e.m.c.i.embedder.EclipseLogger - Using 'UTF-8' encoding to copy filtered resources.
2021-03-05 07:44:25,343 [Worker-8: Building] INFO  o.e.m.c.i.embedder.EclipseLogger - Copying 1 resource
2021-03-05 07:44:25,346 [Worker-8: Building] INFO  o.e.m.c.i.embedder.EclipseLogger - Copying 0 resource
2021-03-05 07:44:25,352 [Worker-8: Building] INFO  o.e.m.c.i.embedder.EclipseLogger - Using 'UTF-8' encoding to copy filtered resources.
2021-03-05 07:44:25,353 [Worker-8: Building] INFO  o.e.m.c.i.embedder.EclipseLogger - skip non existing resourceDirectory C:\Users\alber\Desktop\SPRING\backend\cloudinaryrest-master\src\test\resources
2021-03-05 07:54:55,041 [Worker-0: Loading available Gradle versions] INFO  o.e.b.c.i.u.g.PublishedGradleVersions - Gradle version information cache is up-to-date. Trying to read.
2021-03-05 07:56:26,535 [Worker-3: Building] INFO  o.e.m.c.i.embedder.EclipseLogger - Using 'UTF-8' encoding to copy filtered resources.
2021-03-05 07:56:26,541 [Worker-3: Building] INFO  o.e.m.c.i.embedder.EclipseLogger - Copying 1 resource
2021-03-05 07:56:26,563 [Worker-3: Building] INFO  o.e.m.c.i.embedder.EclipseLogger - Copying 0 resource
2021-03-05 07:56:26,568 [Worker-3: Building] INFO  o.e.m.c.i.embedder.EclipseLogger - Using 'UTF-8' encoding to copy filtered resources.
2021-03-05 07:56:26,568 [Worker-3: Building] INFO  o.e.m.c.i.embedder.EclipseLogger - skip non existing resourceDirectory C:\Users\alber\Desktop\SPRING\backend\cloudinaryrest-master\src\test\resources
2021-03-05 07:56:47,097 [Worker-6: Building] INFO  o.e.m.c.i.embedder.EclipseLogger - Using 'UTF-8' encoding to copy filtered resources.
2021-03-05 07:56:47,099 [Worker-6: Building] INFO  o.e.m.c.i.embedder.EclipseLogger - Copying 1 resource
2021-03-05 07:56:47,102 [Worker-6: Building] INFO  o.e.m.c.i.embedder.EclipseLogger - Copying 0 resource
2021-03-05 07:56:47,105 [Worker-6: Building] INFO  o.e.m.c.i.embedder.EclipseLogger - Using 'UTF-8' encoding to copy filtered resources.
2021-03-05 07:56:47,105 [Worker-6: Building] INFO  o.e.m.c.i.embedder.EclipseLogger - skip non existing resourceDirectory C:\Users\alber\Desktop\SPRING\backend\cloudinaryrest-master\src\test\resources
